  car.c
d:\nustm-2019nxpsmartcar-master\car\car.c : warning C4819: 该文件包含不能在当前代码页(936)中表示的字符。请将该文件保存为 Unicode 格式以防止数据丢失
d:\nustm-2019nxpsmartcar-master\system\core\cmsis_compiler.h(348): fatal error C1189: #error:  Unknown compiler.
  directioncontrol.c
d:\nustm-2019nxpsmartcar-master\car\control\directioncontrol.c : warning C4819: 该文件包含不能在当前代码页(936)中表示的字符。请将该文件保存为 Unicode 格式以防止数据丢失
d:\nustm-2019nxpsmartcar-master\system\core\cmsis_compiler.h(348): fatal error C1189: #error:  Unknown compiler.
  userinterface.c
d:\nustm-2019nxpsmartcar-master\car\control\userinterface.c : warning C4819: 该文件包含不能在当前代码页(936)中表示的字符。请将该文件保存为 Unicode 格式以防止数据丢失
d:\nustm-2019nxpsmartcar-master\system\core\cmsis_compiler.h(348): fatal error C1189: #error:  Unknown compiler.
  status.c
d:\nustm-2019nxpsmartcar-master\car\status.c : warning C4819: 该文件包含不能在当前代码页(936)中表示的字符。请将该文件保存为 Unicode 格式以防止数据丢失
d:\nustm-2019nxpsmartcar-master\car\status.h : warning C4819: 该文件包含不能在当前代码页(936)中表示的字符。请将该文件保存为 Unicode 格式以防止数据丢失
d:\nustm-2019nxpsmartcar-master\system\core\cmsis_compiler.h(348): fatal error C1189: #error:  Unknown compiler.
  test.c
d:\nustm-2019nxpsmartcar-master\system\core\cmsis_compiler.h(348): fatal error C1189: #error:  Unknown compiler.
  adc.c
d:\nustm-2019nxpsmartcar-master\driver\adc.c : warning C4819: 该文件包含不能在当前代码页(936)中表示的字符。请将该文件保存为 Unicode 格式以防止数据丢失
d:\nustm-2019nxpsmartcar-master\system\core\cmsis_compiler.h(348): fatal error C1189: #error:  Unknown compiler.
  ANO_DT.c
d:\nustm-2019nxpsmartcar-master\driver\ano_dt.c : warning C4819: 该文件包含不能在当前代码页(936)中表示的字符。请将该文件保存为 Unicode 格式以防止数据丢失
d:\nustm-2019nxpsmartcar-master\driver\ano_dt.h : warning C4819: 该文件包含不能在当前代码页(936)中表示的字符。请将该文件保存为 Unicode 格式以防止数据丢失
d:\nustm-2019nxpsmartcar-master\system\core\cmsis_compiler.h(348): fatal error C1189: #error:  Unknown compiler.
  csi.c
d:\nustm-2019nxpsmartcar-master\driver\camera\csi.c : warning C4819: 该文件包含不能在当前代码页(936)中表示的字符。请将该文件保存为 Unicode 格式以防止数据丢失
d:\nustm-2019nxpsmartcar-master\system\core\cmsis_compiler.h(348): fatal error C1189: #error:  Unknown compiler.
  getimage.c
d:\nustm-2019nxpsmartcar-master\driver\camera\getimage.c : warning C4819: 该文件包含不能在当前代码页(936)中表示的字符。请将该文件保存为 Unicode 格式以防止数据丢失
d:\nustm-2019nxpsmartcar-master\system\core\cmsis_compiler.h(348): fatal error C1189: #error:  Unknown compiler.
  img_calculate.c
d:\nustm-2019nxpsmartcar-master\driver\camera\img_calculate.c : warning C4819: 该文件包含不能在当前代码页(936)中表示的字符。请将该文件保存为 Unicode 格式以防止数据丢失
d:\nustm-2019nxpsmartcar-master\system\core\cmsis_compiler.h(348): fatal error C1189: #error:  Unknown compiler.
  mt9v034.c
d:\nustm-2019nxpsmartcar-master\driver\camera\mt9v034.c : warning C4819: 该文件包含不能在当前代码页(936)中表示的字符。请将该文件保存为 Unicode 格式以防止数据丢失
d:\nustm-2019nxpsmartcar-master\system\core\cmsis_compiler.h(348): fatal error C1189: #error:  Unknown compiler.
  extern_interrupt.c
d:\nustm-2019nxpsmartcar-master\driver\extern_interrupt.c : warning C4819: 该文件包含不能在当前代码页(936)中表示的字符。请将该文件保存为 Unicode 格式以防止数据丢失
d:\nustm-2019nxpsmartcar-master\system\core\cmsis_compiler.h(348): fatal error C1189: #error:  Unknown compiler.
  gpt.c
d:\nustm-2019nxpsmartcar-master\driver\gpt.c : warning C4819: 该文件包含不能在当前代码页(936)中表示的字符。请将该文件保存为 Unicode 格式以防止数据丢失
d:\nustm-2019nxpsmartcar-master\system\core\cmsis_compiler.h(348): fatal error C1189: #error:  Unknown compiler.
  iic.c
d:\nustm-2019nxpsmartcar-master\driver\iic.c : warning C4819: 该文件包含不能在当前代码页(936)中表示的字符。请将该文件保存为 Unicode 格式以防止数据丢失
d:\nustm-2019nxpsmartcar-master\driver\iic.h : warning C4819: 该文件包含不能在当前代码页(936)中表示的字符。请将该文件保存为 Unicode 格式以防止数据丢失
d:\nustm-2019nxpsmartcar-master\system\core\cmsis_compiler.h(348): fatal error C1189: #error:  Unknown compiler.
  key.c
d:\nustm-2019nxpsmartcar-master\driver\key.c : warning C4819: 该文件包含不能在当前代码页(936)中表示的字符。请将该文件保存为 Unicode 格式以防止数据丢失
d:\nustm-2019nxpsmartcar-master\system\core\cmsis_compiler.h(348): fatal error C1189: #error:  Unknown compiler.
  led.c
d:\nustm-2019nxpsmartcar-master\driver\led.c : warning C4819: 该文件包含不能在当前代码页(936)中表示的字符。请将该文件保存为 Unicode 格式以防止数据丢失
d:\nustm-2019nxpsmartcar-master\system\core\cmsis_compiler.h(348): fatal error C1189: #error:  Unknown compiler.
  encoder.c
d:\nustm-2019nxpsmartcar-master\driver\motor\encoder.c : warning C4819: 该文件包含不能在当前代码页(936)中表示的字符。请将该文件保存为 Unicode 格式以防止数据丢失
d:\nustm-2019nxpsmartcar-master\system\core\cmsis_compiler.h(348): fatal error C1189: #error:  Unknown compiler.
  motor_pid.c
d:\nustm-2019nxpsmartcar-master\driver\motor\motor_pid.c : warning C4819: 该文件包含不能在当前代码页(936)中表示的字符。请将该文件保存为 Unicode 格式以防止数据丢失
d:\nustm-2019nxpsmartcar-master\system\core\cmsis_compiler.h(348): fatal error C1189: #error:  Unknown compiler.
  pwm.c
d:\nustm-2019nxpsmartcar-master\driver\motor\pwm.c : warning C4819: 该文件包含不能在当前代码页(936)中表示的字符。请将该文件保存为 Unicode 格式以防止数据丢失
d:\nustm-2019nxpsmartcar-master\system\core\cmsis_compiler.h(348): fatal error C1189: #error:  Unknown compiler.
  nrf2401.c
d:\nustm-2019nxpsmartcar-master\driver\nrf2401.c : warning C4819: 该文件包含不能在当前代码页(936)中表示的字符。请将该文件保存为 Unicode 格式以防止数据丢失
d:\nustm-2019nxpsmartcar-master\system\core\cmsis_compiler.h(348): fatal error C1189: #error:  Unknown compiler.
  正在生成代码...
  正在编译...
  oled.c
d:\nustm-2019nxpsmartcar-master\driver\oled.c : warning C4819: 该文件包含不能在当前代码页(936)中表示的字符。请将该文件保存为 Unicode 格式以防止数据丢失
d:\nustm-2019nxpsmartcar-master\system\core\cmsis_compiler.h(348): fatal error C1189: #error:  Unknown compiler.
  pit.c
d:\nustm-2019nxpsmartcar-master\driver\pit.c : warning C4819: 该文件包含不能在当前代码页(936)中表示的字符。请将该文件保存为 Unicode 格式以防止数据丢失
d:\nustm-2019nxpsmartcar-master\system\core\cmsis_compiler.h(348): fatal error C1189: #error:  Unknown compiler.
  spi.c
d:\nustm-2019nxpsmartcar-master\driver\spi.c : warning C4819: 该文件包含不能在当前代码页(936)中表示的字符。请将该文件保存为 Unicode 格式以防止数据丢失
d:\nustm-2019nxpsmartcar-master\system\core\cmsis_compiler.h(348): fatal error C1189: #error:  Unknown compiler.
  uart.c
d:\nustm-2019nxpsmartcar-master\driver\uart.c : warning C4819: 该文件包含不能在当前代码页(936)中表示的字符。请将该文件保存为 Unicode 格式以防止数据丢失
d:\nustm-2019nxpsmartcar-master\system\core\cmsis_compiler.h(348): fatal error C1189: #error:  Unknown compiler.
  wdog.c
d:\nustm-2019nxpsmartcar-master\driver\wdog.c : warning C4819: 该文件包含不能在当前代码页(936)中表示的字符。请将该文件保存为 Unicode 格式以防止数据丢失
d:\nustm-2019nxpsmartcar-master\system\core\cmsis_compiler.h(348): fatal error C1189: #error:  Unknown compiler.
  fsl_adc.c
d:\nustm-2019nxpsmartcar-master\system\core\cmsis_compiler.h(348): fatal error C1189: #error:  Unknown compiler.
  fsl_clock.c
d:\nustm-2019nxpsmartcar-master\system\core\cmsis_compiler.h(348): fatal error C1189: #error:  Unknown compiler.
  fsl_common.c
d:\nustm-2019nxpsmartcar-master\system\core\cmsis_compiler.h(348): fatal error C1189: #error:  Unknown compiler.
  fsl_csi.c
d:\nustm-2019nxpsmartcar-master\system\core\cmsis_compiler.h(348): fatal error C1189: #error:  Unknown compiler.
  fsl_enc.c
d:\nustm-2019nxpsmartcar-master\system\core\cmsis_compiler.h(348): fatal error C1189: #error:  Unknown compiler.
  fsl_gpio.c
d:\nustm-2019nxpsmartcar-master\system\core\cmsis_compiler.h(348): fatal error C1189: #error:  Unknown compiler.
  fsl_gpt.c
d:\nustm-2019nxpsmartcar-master\system\core\cmsis_compiler.h(348): fatal error C1189: #error:  Unknown compiler.
  fsl_lpi2c.c
d:\nustm-2019nxpsmartcar-master\system\core\cmsis_compiler.h(348): fatal error C1189: #error:  Unknown compiler.
  fsl_lpspi.c
d:\nustm-2019nxpsmartcar-master\system\core\cmsis_compiler.h(348): fatal error C1189: #error:  Unknown compiler.
  fsl_lpuart.c
d:\nustm-2019nxpsmartcar-master\system\core\cmsis_compiler.h(348): fatal error C1189: #error:  Unknown compiler.
  fsl_pit.c
d:\nustm-2019nxpsmartcar-master\system\core\cmsis_compiler.h(348): fatal error C1189: #error:  Unknown compiler.
  fsl_pwm.c
d:\nustm-2019nxpsmartcar-master\system\core\cmsis_compiler.h(348): fatal error C1189: #error:  Unknown compiler.
  fsl_qtmr.c
d:\nustm-2019nxpsmartcar-master\system\core\cmsis_compiler.h(348): fatal error C1189: #error:  Unknown compiler.
  fsl_wdog.c
d:\nustm-2019nxpsmartcar-master\system\core\cmsis_compiler.h(348): fatal error C1189: #error:  Unknown compiler.
  fsl_xbara.c
d:\nustm-2019nxpsmartcar-master\system\core\cmsis_compiler.h(348): fatal error C1189: #error:  Unknown compiler.
  正在生成代码...
  正在编译...
  board.c
d:\nustm-2019nxpsmartcar-master\system\core\cmsis_compiler.h(348): fatal error C1189: #error:  Unknown compiler.
  clock_config.c
d:\nustm-2019nxpsmartcar-master\system\core\cmsis_compiler.h(348): fatal error C1189: #error:  Unknown compiler.
  system.c
d:\nustm-2019nxpsmartcar-master\system\system.c : warning C4819: 该文件包含不能在当前代码页(936)中表示的字符。请将该文件保存为 Unicode 格式以防止数据丢失
d:\nustm-2019nxpsmartcar-master\system\core\cmsis_compiler.h(348): fatal error C1189: #error:  Unknown compiler.
  CodeStyle.c
d:\nustm-2019nxpsmartcar-master\system\core\cmsis_compiler.h(348): fatal error C1189: #error:  Unknown compiler.
  main.c
d:\nustm-2019nxpsmartcar-master\user\main.c : warning C4819: 该文件包含不能在当前代码页(936)中表示的字符。请将该文件保存为 Unicode 格式以防止数据丢失
d:\nustm-2019nxpsmartcar-master\system\core\cmsis_compiler.h(348): fatal error C1189: #error:  Unknown compiler.
  正在生成代码...
